0 info it worked if it ends with ok
1 verbose cli [ '/Users/liangduan/.tnvm/versions/alinode/v2.0.4/bin/node',
1 verbose cli   '/Users/liangduan/.tnvm/versions/alinode/v2.0.4/bin/npm',
1 verbose cli   'run',
1 verbose cli   'dev' ]
2 info using npm@4.0.3
3 info using node@v6.9.2
4 verbose run-script [ 'predev', 'dev', 'postdev' ]
5 info lifecycle react-yue@1.0.0~predev: react-yue@1.0.0
6 silly lifecycle react-yue@1.0.0~predev: no script for predev, continuing
7 info lifecycle react-yue@1.0.0~dev: react-yue@1.0.0
8 verbose lifecycle react-yue@1.0.0~dev: unsafe-perm in lifecycle true
9 verbose lifecycle react-yue@1.0.0~dev: PATH: /Users/liangduan/.tnvm/versions/alinode/v2.0.4/lib/node_modules/npm/bin/node-gyp-bin:/Users/liangduan/code/github/react-yue-view/node_modules/.bin:/Users/liangduan/.tnvm/versions/alinode/v2.0.4/bin:/Users/liangduan/.nvm/versions/node/v8.9.1/bin:/usr/local/bin:/usr/bin:/bin:/usr/sbin:/sbin:/opt/X11/bin:/usr/local/go/bin
10 verbose lifecycle react-yue@1.0.0~dev: CWD: /Users/liangduan/code/github/react-yue-view
11 silly lifecycle react-yue@1.0.0~dev: Args: [ '-c', 'babel src --out-dir lib -w' ]
12 silly lifecycle react-yue@1.0.0~dev: Returned: code: 1  signal: null
13 info lifecycle react-yue@1.0.0~dev: Failed to exec dev script
14 verbose stack Error: react-yue@1.0.0 dev: `babel src --out-dir lib -w`
14 verbose stack Exit status 1
14 verbose stack     at EventEmitter.<anonymous> (/Users/liangduan/.tnvm/versions/alinode/v2.0.4/lib/node_modules/npm/lib/utils/lifecycle.js:279:16)
14 verbose stack     at emitTwo (events.js:106:13)
14 verbose stack     at EventEmitter.emit (events.js:191:7)
14 verbose stack     at ChildProcess.<anonymous> (/Users/liangduan/.tnvm/versions/alinode/v2.0.4/lib/node_modules/npm/lib/utils/spawn.js:40:14)
14 verbose stack     at emitTwo (events.js:106:13)
14 verbose stack     at ChildProcess.emit (events.js:191:7)
14 verbose stack     at maybeClose (internal/child_process.js:877:16)
14 verbose stack     at Process.ChildProcess._handle.onexit (internal/child_process.js:226:5)
15 verbose pkgid react-yue@1.0.0
16 verbose cwd /Users/liangduan/code/github/react-yue-view
17 error Darwin 15.6.0
18 error argv "/Users/liangduan/.tnvm/versions/alinode/v2.0.4/bin/node" "/Users/liangduan/.tnvm/versions/alinode/v2.0.4/bin/npm" "run" "dev"
19 error node v6.9.2
20 error npm  v4.0.3
21 error code ELIFECYCLE
22 error react-yue@1.0.0 dev: `babel src --out-dir lib -w`
22 error Exit status 1
23 error Failed at the react-yue@1.0.0 dev script 'babel src --out-dir lib -w'.
23 error Make sure you have the latest version of node.js and npm installed.
23 error If you do, this is most likely a problem with the react-yue package,
23 error not with npm itself.
23 error Tell the author that this fails on your system:
23 error     babel src --out-dir lib -w
23 error You can get information on how to open an issue for this project with:
23 error     npm bugs react-yue
23 error Or if that isn't available, you can get their info via:
23 error     npm owner ls react-yue
23 error There is likely additional logging output above.
24 verbose exit [ 1, true ]
